[23:34:02] [main/INFO]: [FabricLoader] Loading 6 mods: minecraft@1.16.5, lithium@0.6.4, java@13, krypton@0.1.2, fabricloader@0.11.3, phosphor@0.7.1+build.11
[23:34:02] [main/INFO]: SpongePowered MIXIN Subsystem Version=0.8.2 Source=file:/Volumes/share%20ssd/minecraft%20server/simplesmp/fabric-server-launch.jar Service=Knot/Fabric Env=SERVER
[23:34:03] [main/INFO]: Loaded configuration file for Lithium: 80 options available, 1 override(s) found
[23:34:03] [main/WARN]: Force-disabling mixin 'world.player_chunk_tick.ThreadedAnvilChunkStorageMixin' as rule 'mixin.world.player_chunk_tick' (added by mods [krypton]) disables it and children
[23:34:06] [main/INFO]: Compression will use Java 11, encryption will use Java
[23:34:06] [main/INFO]: Krypton is now accelerating your Minecraft server's networking stack 🚀
[23:34:07] [main/INFO]: Environment: authHost='https://authserver.mojang.com', accountsHost='https://api.mojang.com', sessionHost='https://sessionserver.mojang.com', servicesHost='https://api.minecraftservices.com', name='PROD'
[23:34:07] [main/WARN]: Ambiguity between arguments [teleport, destination] and [teleport, targets] with inputs: [Player, 0123, @e, dd12be42-52a9-4a91-a8a1-11c01849e498]
[23:34:07] [main/WARN]: Ambiguity between arguments [teleport, location] and [teleport, destination] with inputs: [0.1 -0.5 .9, 0 0 0]
[23:34:07] [main/WARN]: Ambiguity between arguments [teleport, location] and [teleport, targets] with inputs: [0.1 -0.5 .9, 0 0 0]
[23:34:07] [main/WARN]: Ambiguity between arguments [teleport, targets] and [teleport, destination] with inputs: [Player, 0123, dd12be42-52a9-4a91-a8a1-11c01849e498]
[23:34:07] [main/WARN]: Ambiguity between arguments [teleport, targets, location] and [teleport, targets, destination] with inputs: [0.1 -0.5 .9, 0 0 0]
[23:34:07] [main/INFO]: Reloading ResourceManager: Default
[23:34:08] [Worker-Main-10/INFO]: Loaded 7 recipes
[23:34:08] [Worker-Main-10/INFO]: Loaded 927 advancements
[23:34:10] [Server thread/INFO]: Starting minecraft server version 1.16.5
[23:34:10] [Server thread/INFO]: Loading properties
[23:34:10] [Server thread/INFO]: Default game type: SURVIVAL
[23:34:10] [Server thread/INFO]: Generating keypair
[23:34:11] [Server thread/INFO]: Starting Minecraft server on *:25565
[23:34:11] [Server thread/INFO]: Using default channel type
[23:34:11] [Server thread/INFO]: Preparing level "Bani SMP (World 1)"
[23:34:11] [Server thread/INFO]: Preparing start region for dimension minecraft:overworld
[23:34:13] [Server thread/INFO]: Preparing spawn area: 0%
[23:34:13] [Server thread/INFO]: Preparing spawn area: 0%
[23:34:13] [Server thread/INFO]: Preparing spawn area: 0%
[23:34:13] [Server thread/INFO]: Preparing spawn area: 0%
[23:34:13] [Server thread/INFO]: Time elapsed: 2151 ms
[23:34:13] [Server thread/INFO]: Done (2.479s)! For help, type "help"
[23:34:25] [Server thread/INFO]: Stopping the server
[23:34:25] [Server thread/INFO]: Stopping server
[23:34:25] [Server thread/INFO]: Saving players
[23:34:25] [Server thread/INFO]: Saving worlds
[23:34:25] [Server thread/INFO]: Saving chunks for level 'ServerLevel[Bani SMP (World 1)]'/minecraft:overworld
[23:34:25] [Server thread/INFO]: ThreadedAnvilChunkStorage (Bani SMP (World 1)): All chunks are saved
[23:34:25] [Server thread/INFO]: Saving chunks for level 'ServerLevel[Bani SMP (World 1)]'/minecraft:the_nether
[23:34:25] [Server thread/INFO]: ThreadedAnvilChunkStorage (DIM-1): All chunks are saved
[23:34:25] [Server thread/INFO]: Saving chunks for level 'ServerLevel[Bani SMP (World 1)]'/minecraft:the_end
[23:34:25] [Server thread/INFO]: ThreadedAnvilChunkStorage (DIM1): All chunks are saved
[23:34:25] [Server thread/INFO]: ThreadedAnvilChunkStorage (Bani SMP (World 1)): All chunks are saved
[23:34:25] [Server thread/INFO]: ThreadedAnvilChunkStorage (DIM-1): All chunks are saved
[23:34:25] [Server thread/INFO]: ThreadedAnvilChunkStorage (DIM1): All chunks are saved
